d:\project\c\lbp\lbp\x64\release\proc.obj
d:\project\c\lbp\lbp\x64\release\main.obj
d:\project\c\lbp\lbp\x64\release\lbp.obj
d:\project\c\lbp\lbp\x64\release\gaborfr.obj
d:\project\c\lbp\lbp\x64\release\gp.obj
d:\project\c\lbp\lbp\x64\release\datapre.obj
d:\project\c\lbp\lbp\x64\release\vc100.pdb
d:\project\c\lbp\lbp\x64\release\tinyxmlparser.obj
d:\project\c\lbp\lbp\x64\release\tinyxmlerror.obj
d:\project\c\lbp\lbp\x64\release\tinyxml.obj
d:\project\c\lbp\lbp\x64\release\tinystr.obj
d:\project\c\lbp\lbp\x64\release\pca.obj
d:\project\c\lbp\lbp\x64\release\datasvm.obj
d:\project\c\lbp\x64\release\lbp.exe
d:\project\c\lbp\lbp\x64\release\lbp.exe.intermediate.manifest
d:\project\c\lbp\x64\release\lbp.pdb
d:\project\c\lbp\lbp\x64\release\vc140.pdb
d:\project\c\lbp\lbp\x64\release\lbp.vcxprojresolveassemblyreference.cache
d:\project\c\lbp\lbp\x64\release\cl.command.1.tlog
d:\project\c\lbp\lbp\x64\release\cl.read.1.tlog
d:\project\c\lbp\lbp\x64\release\cl.write.1.tlog
d:\project\c\lbp\lbp\x64\release\lbp.write.1.tlog
d:\project\c\lbp\lbp\x64\release\link.command.1.tlog
d:\project\c\lbp\lbp\x64\release\link.read.1.tlog
d:\project\c\lbp\lbp\x64\release\link.write.1.tlog
d:\project\c\lbp\lbp\x64\release\mt.command.1.tlog
d:\project\c\lbp\lbp\x64\release\mt.read.1.tlog
d:\project\c\lbp\lbp\x64\release\mt.write.1.tlog
d:\project\c\lbp\lbp\x64\release\lbp.tlog\cl.command.1.tlog
d:\project\c\lbp\lbp\x64\release\lbp.tlog\cl.read.1.tlog
d:\project\c\lbp\lbp\x64\release\lbp.tlog\cl.write.1.tlog
d:\project\c\lbp\lbp\x64\release\lbp.tlog\link.command.1.tlog
d:\project\c\lbp\lbp\x64\release\lbp.tlog\link.read.1.tlog
d:\project\c\lbp\lbp\x64\release\lbp.tlog\link.write.1.tlog
